<?xml version="1.0" encoding="UTF-8"?>
<!-- Generated by org.testng.reporters.JUnitXMLReporter -->
<testsuite ignored="0" hostname="DESKTOP-8STKE9I" failures="0" tests="4" name="Default test" time="0.121" errors="0" timestamp="2020-12-07T12:07:31 IST">
  <testcase classname="com.orange.hrmlive.GroupTest" name="adminmodule1" time="0.021"/>
  <testcase classname="com.orange.hrmlive.GroupTest" name="adminmodule2" time="0.002"/>
  <testcase classname="com.orange.hrmlive.GroupTest" name="leavemodule1" time="0.012"/>
  <testcase classname="com.orange.hrmlive.GroupTest" name="leavemodule2" time="0.006"/>
</testsuite> <!-- Default test -->
