<?xml version="1.0" encoding="UTF-8"?>
<!-- Generated by org.testng.reporters.JUnitXMLReporter -->
<testsuite ignored="0" hostname="DESKTOP-8STKE9I" failures="0" tests="5" name="Test" time="64.139" errors="0" timestamp="2020-12-07T11:18:11 IST">
  <testcase classname="com.orange.hrmlive.XmlTest" name="paraTest" time="18.826"/>
  <testcase classname="com.orange.hrmlive.XmlTest2" name="paraTest2" time="15.639"/>
  <testcase classname="com.orange.hrmlive.TestngHRM" name="adminTest" time="1.999"/>
  <testcase classname="com.orange.hrmlive.TestngHRM" name="leaveTest" time="2.588"/>
  <testcase classname="com.orange.hrmlive.TestngHRM" name="pimTest" time="1.224"/>
</testsuite> <!-- Test -->
