<?xml version="1.0" encoding="UTF-8"?>
<testng-results ignored="0" total="4" passed="4" failed="0" skipped="0">
  <reporter-output>
  </reporter-output>
  <suite started-at="2020-12-07T12:07:31 IST" name="Default suite" finished-at="2020-12-07T12:07:31 IST" duration-ms="121">
    <groups>
      <group name="leave">
        <method signature="GroupTest.leavemodule1()[pri:0, instance:com.orange.hrmlive.GroupTest@2b48a640]" name="leavemodule1" class="com.orange.hrmlive.GroupTest"/>
        <method signature="GroupTest.leavemodule2()[pri:0, instance:com.orange.hrmlive.GroupTest@2b48a640]" name="leavemodule2" class="com.orange.hrmlive.GroupTest"/>
      </group> <!-- leave -->
      <group name="admin">
        <method signature="GroupTest.adminmodule1()[pri:0, instance:com.orange.hrmlive.GroupTest@2b48a640]" name="adminmodule1" class="com.orange.hrmlive.GroupTest"/>
        <method signature="GroupTest.adminmodule2()[pri:0, instance:com.orange.hrmlive.GroupTest@2b48a640]" name="adminmodule2" class="com.orange.hrmlive.GroupTest"/>
      </group> <!-- admin -->
    </groups>
    <test started-at="2020-12-07T12:07:31 IST" name="Default test" finished-at="2020-12-07T12:07:31 IST" duration-ms="121">
      <class name="com.orange.hrmlive.GroupTest">
        <test-method signature="adminmodule1()[pri:0, instance:com.orange.hrmlive.GroupTest@2b48a640]" started-at="2020-12-07T12:07:31 IST" name="adminmodule1" finished-at="2020-12-07T12:07:31 IST" duration-ms="21" status="PASS">
          <reporter-output>
          </reporter-output>
        </test-method> <!-- adminmodule1 -->
        <test-method signature="adminmodule2()[pri:0, instance:com.orange.hrmlive.GroupTest@2b48a640]" started-at="2020-12-07T12:07:31 IST" name="adminmodule2" finished-at="2020-12-07T12:07:31 IST" duration-ms="2" status="PASS">
          <reporter-output>
          </reporter-output>
        </test-method> <!-- adminmodule2 -->
        <test-method signature="leavemodule1()[pri:0, instance:com.orange.hrmlive.GroupTest@2b48a640]" started-at="2020-12-07T12:07:31 IST" name="leavemodule1" finished-at="2020-12-07T12:07:31 IST" duration-ms="12" status="PASS">
          <reporter-output>
          </reporter-output>
        </test-method> <!-- leavemodule1 -->
        <test-method signature="leavemodule2()[pri:0, instance:com.orange.hrmlive.GroupTest@2b48a640]" started-at="2020-12-07T12:07:31 IST" name="leavemodule2" finished-at="2020-12-07T12:07:31 IST" duration-ms="6" status="PASS">
          <reporter-output>
          </reporter-output>
        </test-method> <!-- leavemodule2 -->
      </class> <!-- com.orange.hrmlive.GroupTest -->
    </test> <!-- Default test -->
  </suite> <!-- Default suite -->
</testng-results>
